  Quelle.cpp
c:\users\nick süß\documents\oos_labor\oos_ha1\aufg.9\quelle.cpp(7): error C2556: "void f(int)": Überladene Funktion unterscheidet sich nur hinsichtlich des Rückgabetyps von "int f(int)"
  c:\users\nick süß\documents\oos_labor\oos_ha1\aufg.9\quelle.cpp(3): note: Siehe Deklaration von "f"
c:\users\nick süß\documents\oos_labor\oos_ha1\aufg.9\quelle.cpp(7): error C2371: "f": Neudefinition; unterschiedliche Basistypen
  c:\users\nick süß\documents\oos_labor\oos_ha1\aufg.9\quelle.cpp(3): note: Siehe Deklaration von "f"
c:\users\nick süß\documents\oos_labor\oos_ha1\aufg.9\quelle.cpp(8): error C2556: "char f(int)": Überladene Funktion unterscheidet sich nur hinsichtlich des Rückgabetyps von "int f(int)"
  c:\users\nick süß\documents\oos_labor\oos_ha1\aufg.9\quelle.cpp(7): note: Siehe Deklaration von "f"
c:\users\nick süß\documents\oos_labor\oos_ha1\aufg.9\quelle.cpp(24): error C2084: Funktion "int f(int,int)" hat bereits einen Funktionsrumpf
  c:\users\nick süß\documents\oos_labor\oos_ha1\aufg.9\quelle.cpp(16): note: Siehe vorherige Definition von "f"
c:\users\nick süß\documents\oos_labor\oos_ha1\aufg.9\quelle.cpp(36): error C2548: "f": Fehlender Standardparameter für Parameter 3
c:\users\nick süß\documents\oos_labor\oos_ha1\aufg.9\quelle.cpp(48): error C2668: "f": Mehrdeutiger Aufruf einer überladenen Funktion
  c:\users\nick süß\documents\oos_labor\oos_ha1\aufg.9\quelle.cpp(24): note: kann "int f(int,int)" sein
  c:\users\nick süß\documents\oos_labor\oos_ha1\aufg.9\quelle.cpp(8): note: oder "int f(int)"
  c:\users\nick süß\documents\oos_labor\oos_ha1\aufg.9\quelle.cpp(48): note: bei Anpassung der Argumentliste "(int)"
c:\users\nick süß\documents\oos_labor\oos_ha1\aufg.9\quelle.cpp(49): error C2668: "f": Mehrdeutiger Aufruf einer überladenen Funktion
  c:\users\nick süß\documents\oos_labor\oos_ha1\aufg.9\quelle.cpp(24): note: kann "int f(int,int)" sein
  c:\users\nick süß\documents\oos_labor\oos_ha1\aufg.9\quelle.cpp(8): note: oder "int f(int)"
  c:\users\nick süß\documents\oos_labor\oos_ha1\aufg.9\quelle.cpp(49): note: bei Anpassung der Argumentliste "(char)"
c:\users\nick süß\documents\oos_labor\oos_ha1\aufg.9\quelle.cpp(50): error C2668: "f": Mehrdeutiger Aufruf einer überladenen Funktion
  c:\users\nick süß\documents\oos_labor\oos_ha1\aufg.9\quelle.cpp(24): note: kann "int f(int,int)" sein
  c:\users\nick süß\documents\oos_labor\oos_ha1\aufg.9\quelle.cpp(12): note: oder "int f(int &)"
  c:\users\nick süß\documents\oos_labor\oos_ha1\aufg.9\quelle.cpp(8): note: oder "int f(int)"
  c:\users\nick süß\documents\oos_labor\oos_ha1\aufg.9\quelle.cpp(50): note: bei Anpassung der Argumentliste "(int)"
c:\users\nick süß\documents\oos_labor\oos_ha1\aufg.9\quelle.cpp(51): error C2668: "f": Mehrdeutiger Aufruf einer überladenen Funktion
  c:\users\nick süß\documents\oos_labor\oos_ha1\aufg.9\quelle.cpp(24): note: kann "int f(int,int)" sein
  c:\users\nick süß\documents\oos_labor\oos_ha1\aufg.9\quelle.cpp(8): note: oder "int f(int)"
  c:\users\nick süß\documents\oos_labor\oos_ha1\aufg.9\quelle.cpp(51): note: bei Anpassung der Argumentliste "(char)"
c:\users\nick süß\documents\oos_labor\oos_ha1\aufg.9\quelle.cpp(53): error C2264: "f": Fehler in der Funktionsdefinition oder Funktionsdeklaration, Funktion nicht aufgerufen
